


ARM Macro Assembler    Page 1 


    1 00000000                 AREA             dat1, DATA, READONLY
    2 00000000 41 6D 72 
              69 74 00 string1 dcb              "Amrit\0"
    3 00000006 41 6D 72 
              69 74 61 
              00       string2 dcb              "Amrita\0"
    4 0000000D         
    5 0000000D                 AREA             pgm, CODE, READONLY
    6 00000000 E59F009C        ldr              r0, =string1
    7 00000004 E59F109C        ldr              r1, =string2
    8 00000008 E1A09000        mov              r9, r0
    9 0000000C E1A0A001        mov              r10, r1
   10 00000010         
   11 00000010         ;length of strings
   12 00000010 E4D02001 
                       loop1   ldrb             r2, [r0], #1
   13 00000014 E2833001        add              r3, r3, #1
   14 00000018 E3520000        cmp              r2, #"\0"
   15 0000001C 1AFFFFFB        bne              loop1
   16 00000020 E2433001        sub              r3, r3, #1
   17 00000024 E1A04003        mov              r4, r3
   18 00000028         
   19 00000028 E3E03000        mov              r3, #-1
   20 0000002C E4D12001 
                       loop2   ldrb             r2, [r1], #1
   21 00000030 E2833001        add              r3, r3, #1
   22 00000034 E3520000        cmp              r2, #"\0"
   23 00000038 1AFFFFFB        bne              loop2
   24 0000003C E1A05003        mov              r5, r3
   25 00000040         
   26 00000040         ;greater str1
   27 00000040 E3A07000        mov              r7, #0
   28 00000044 E3A08000        mov              r8, #0
   29 00000048 E3A06000        mov              r6,#0
   30 0000004C E1540005        cmp              r4, r5
   31 00000050 C3A06001 
                       greater movgt            r6, #0x01
   32 00000054 8A000011        bhi              final
   33 00000058         
   34 00000058         ;equal
   35 00000058 E1540005        cmp              r4, r5
   36 0000005C 0A000004        beq              exit1
   37 00000060         
   38 00000060         ;small str2
   39 00000060 E3A07000        mov              r7, #0
   40 00000064 E3A08000        mov              r8, #0
   41 00000068 E3A06000        mov              r6,#0
   42 0000006C B3A07001 
                       small   movlt            r7, #0x01
   43 00000070 EA00000A        b                final
   44 00000074         
   45 00000074         ;length of string1:r4, string2:r5
   46 00000074         exit1
   47 00000074 E3A07000        mov              r7, #0
   48 00000078 E3A08000        mov              r8, #0
   49 0000007C E3A06000        mov              r6,#0
   50 00000080 E4D90001 
                       loop    ldrb             r0, [r9], #1
   51 00000084 E4DA1001        ldrb             r1, [r10], #1



ARM Macro Assembler    Page 2 


   52 00000088         
   53 00000088 E1500001        cmp              r0, r1
   54 0000008C CAFFFFEF        bgt              greater     ;gt char
   55 00000090 BAFFFFF5        blt              small       ;lt char
   56 00000094         
   57 00000094 E3500000        cmp              r0, #"\0"
   58 00000098 1AFFFFF8        bne              loop
   59 0000009C E3A08001        mov              r8, #0x01
   60 000000A0         
   61 000000A0         final
   62 000000A0 EAFFFFFE 
                       e       b                e
   63 000000A4                 end
              00000000 
              00000000 
Command Line: --debug --xref --device=DARMP --apcs=interwork -oBL.EN.U4CSE18096
.o -IC:\Keil\ARM\INC\Philips --predefine="__EVAL SETA 1" --list=BL.EN.U4CSE1809
6.lst BL.EN.U4CSE18096.s



ARM Macro Assembler    Page 1 Alphabetic symbol ordering
Relocatable symbols

dat1 00000000

Symbol: dat1
   Definitions
      At line 1 in file BL.EN.U4CSE18096.s
   Uses
      None
Comment: dat1 unused
string1 00000000

Symbol: string1
   Definitions
      At line 2 in file BL.EN.U4CSE18096.s
   Uses
      At line 6 in file BL.EN.U4CSE18096.s
Comment: string1 used once
string2 00000006

Symbol: string2
   Definitions
      At line 3 in file BL.EN.U4CSE18096.s
   Uses
      At line 7 in file BL.EN.U4CSE18096.s
Comment: string2 used once
3 symbols



ARM Macro Assembler    Page 1 Alphabetic symbol ordering
Relocatable symbols

e 000000A0

Symbol: e
   Definitions
      At line 62 in file BL.EN.U4CSE18096.s
   Uses
      At line 62 in file BL.EN.U4CSE18096.s
Comment: e used once
exit1 00000074

Symbol: exit1
   Definitions
      At line 46 in file BL.EN.U4CSE18096.s
   Uses
      At line 36 in file BL.EN.U4CSE18096.s
Comment: exit1 used once
final 000000A0

Symbol: final
   Definitions
      At line 61 in file BL.EN.U4CSE18096.s
   Uses
      At line 32 in file BL.EN.U4CSE18096.s
      At line 43 in file BL.EN.U4CSE18096.s

greater 00000050

Symbol: greater
   Definitions
      At line 31 in file BL.EN.U4CSE18096.s
   Uses
      At line 54 in file BL.EN.U4CSE18096.s
Comment: greater used once
loop 00000080

Symbol: loop
   Definitions
      At line 50 in file BL.EN.U4CSE18096.s
   Uses
      At line 58 in file BL.EN.U4CSE18096.s
Comment: loop used once
loop1 00000010

Symbol: loop1
   Definitions
      At line 12 in file BL.EN.U4CSE18096.s
   Uses
      At line 15 in file BL.EN.U4CSE18096.s
Comment: loop1 used once
loop2 0000002C

Symbol: loop2
   Definitions
      At line 20 in file BL.EN.U4CSE18096.s
   Uses
      At line 23 in file BL.EN.U4CSE18096.s
Comment: loop2 used once
pgm 00000000




ARM Macro Assembler    Page 2 Alphabetic symbol ordering
Relocatable symbols

Symbol: pgm
   Definitions
      At line 5 in file BL.EN.U4CSE18096.s
   Uses
      None
Comment: pgm unused
small 0000006C

Symbol: small
   Definitions
      At line 42 in file BL.EN.U4CSE18096.s
   Uses
      At line 55 in file BL.EN.U4CSE18096.s
Comment: small used once
9 symbols
334 symbols in table
