


ARM Macro Assembler    Page 1 


    1 00000000                 AREA             dat, DATA, READONLY
    2 00000000 73      input   dcb              0x73
    3 00000001         
    4 00000001                 AREA             pgm,CODE,READONLY
    5 00000000 E59F0040        ldr              r0, =input
    6 00000004 E3A05000        mov              r5,#0
    7 00000008 E3A04000        mov              r4,#0
    8 0000000C E5D01000        ldrb             r1,[r0]
    9 00000010 E2017001 
                       loop    and              r7,r1,#1
   10 00000014 E3570000        cmp              r7,#0
   11 00000018 CA000004        bgt              c
   12 0000001C E1A040A1        mov              r4,r1,lsr #1
   13 00000020 E1A01004        mov              r1,r4
   14 00000024 E3510000        cmp              r1,#0
   15 00000028 1AFFFFF8        bne              loop
   16 0000002C EA000004        b                e
   17 00000030 E2855001 
                       c       add              r5,r5,#1
   18 00000034 E1A040A1        mov              r4,r1,lsr #1
   19 00000038 E1A01004        mov              r1,r4
   20 0000003C E3510000        cmp              r1,#0
   21 00000040 1AFFFFF2        bne              loop
   22 00000044 EAFFFFFE 
                       e       b                e
   23 00000048                 end
              00000000 
Command Line: --debug --xref --device=DARMP --apcs=interwork -oBL.EN.U4CSE18096
.o -IC:\Keil\ARM\INC\Philips --predefine="__EVAL SETA 1" --list=BL.EN.U4CSE1809
6.lst BL.EN.U4CSE18096.s



ARM Macro Assembler    Page 1 Alphabetic symbol ordering
Relocatable symbols

dat 00000000

Symbol: dat
   Definitions
      At line 1 in file BL.EN.U4CSE18096.s
   Uses
      None
Comment: dat unused
input 00000000

Symbol: input
   Definitions
      At line 2 in file BL.EN.U4CSE18096.s
   Uses
      At line 5 in file BL.EN.U4CSE18096.s
Comment: input used once
2 symbols



ARM Macro Assembler    Page 1 Alphabetic symbol ordering
Relocatable symbols

c 00000030

Symbol: c
   Definitions
      At line 17 in file BL.EN.U4CSE18096.s
   Uses
      At line 11 in file BL.EN.U4CSE18096.s
Comment: c used once
e 00000044

Symbol: e
   Definitions
      At line 22 in file BL.EN.U4CSE18096.s
   Uses
      At line 16 in file BL.EN.U4CSE18096.s
      At line 22 in file BL.EN.U4CSE18096.s

loop 00000010

Symbol: loop
   Definitions
      At line 9 in file BL.EN.U4CSE18096.s
   Uses
      At line 15 in file BL.EN.U4CSE18096.s
      At line 21 in file BL.EN.U4CSE18096.s

pgm 00000000

Symbol: pgm
   Definitions
      At line 4 in file BL.EN.U4CSE18096.s
   Uses
      None
Comment: pgm unused
4 symbols
328 symbols in table
