


ARM Macro Assembler    Page 1 


    1 00000000                 AREA             dat,DATA,READONLY
    2 00000000 57 69 6E 
              67 61 72 
              64 69 75 
              6D 20 6C 
              65 76 69 
              6F 73 61 
              00       string  dcb              "Wingardium leviosa\0"
    3 00000013         
    4 00000013                 AREA             dat1,DATA,READWRITE
    5 00000000 00      Found   dcb              0x00
    6 00000001         
    7 00000001                 AREA             pgm,CODE,READONLY
    8 00000000 E59F0020        ldr              r0, =string
    9 00000004 E59F1020        ldr              r1, =Found
   10 00000008 E4D02001 
                       loop    ldrb             r2,[r0],#1
   11 0000000C E3520020        cmp              r2,#" "
   12 00000010 0A000001        beq              c
   13 00000014 E2833001        add              r3,r3,#1
   14 00000018 EAFFFFFA        b                loop
   15 0000001C E2833001 
                       c       add              r3,r3,#1
   16 00000020 E5C13000        strb             r3,[r1]
   17 00000024 EAFFFFFE 
                       e       b                e
   18 00000028                 end
              00000000 
              00000000 
Command Line: --debug --xref --device=DARMP --apcs=interwork -ocharsearch.o -IC
:\Keil\ARM\INC\Philips --predefine="__EVAL SETA 1" --list=charsearch.lst charse
arch.s



ARM Macro Assembler    Page 1 Alphabetic symbol ordering
Relocatable symbols

dat 00000000

Symbol: dat
   Definitions
      At line 1 in file charsearch.s
   Uses
      None
Comment: dat unused
string 00000000

Symbol: string
   Definitions
      At line 2 in file charsearch.s
   Uses
      At line 8 in file charsearch.s
Comment: string used once
2 symbols



ARM Macro Assembler    Page 1 Alphabetic symbol ordering
Relocatable symbols

Found 00000000

Symbol: Found
   Definitions
      At line 5 in file charsearch.s
   Uses
      At line 9 in file charsearch.s
Comment: Found used once
dat1 00000000

Symbol: dat1
   Definitions
      At line 4 in file charsearch.s
   Uses
      None
Comment: dat1 unused
2 symbols



ARM Macro Assembler    Page 1 Alphabetic symbol ordering
Relocatable symbols

c 0000001C

Symbol: c
   Definitions
      At line 15 in file charsearch.s
   Uses
      At line 12 in file charsearch.s
Comment: c used once
e 00000024

Symbol: e
   Definitions
      At line 17 in file charsearch.s
   Uses
      At line 17 in file charsearch.s
Comment: e used once
loop 00000008

Symbol: loop
   Definitions
      At line 10 in file charsearch.s
   Uses
      At line 14 in file charsearch.s
Comment: loop used once
pgm 00000000

Symbol: pgm
   Definitions
      At line 7 in file charsearch.s
   Uses
      None
Comment: pgm unused
4 symbols
330 symbols in table
